[debug] [2022-05-06T13:55:56.634Z] ----------------------------------------------------------------------
[debug] [2022-05-06T13:55:56.635Z] Command:       /usr/local/bin/firebase /Users/parichsakda/.cache/firebase/tools/lib/node_modules/firebase-tools/lib/bin/firebase init
[debug] [2022-05-06T13:55:56.636Z] CLI Version:   10.8.0
[debug] [2022-05-06T13:55:56.636Z] Platform:      darwin
[debug] [2022-05-06T13:55:56.636Z] Node Version:  v12.18.1
[debug] [2022-05-06T13:55:56.637Z] Time:          Fri May 06 2022 20:55:56 GMT+0700 (Indochina Time)
[debug] [2022-05-06T13:55:56.637Z] ----------------------------------------------------------------------
[debug] 
[debug] [2022-05-06T13:55:56.691Z] > command requires scopes: ["email","openid","https://www.googleapis.com/auth/cloudplatformprojects.readonly","https://www.googleapis.com/auth/firebase","https://www.googleapis.com/auth/cloud-platform"]
[debug] [2022-05-06T13:55:56.692Z] > authorizing via signed-in user (6222770594@g.siit.tu.ac.th)
[info] 
     ######## #### ########  ######## ########     ###     ######  ########
     ##        ##  ##     ## ##       ##     ##  ##   ##  ##       ##
     ######    ##  ########  ######   ########  #########  ######  ######
     ##        ##  ##    ##  ##       ##     ## ##     ##       ## ##
     ##       #### ##     ## ######## ########  ##     ##  ######  ########

You're about to initialize a Firebase project in this directory:

  /Users/parichsakda

Before we get started, keep in mind:

  * You are initializing within an existing Firebase project directory

[info] 
=== Project Setup
[info] 
[info] First, let's associate this project directory with a Firebase project.
[info] You can create multiple project aliases by running firebase use --add, 
[info] but for now we'll just set up a default project.
[info] 
[debug] [2022-05-06T13:56:26.531Z] Using project from CLI flag: web-sign-doc
[debug] [2022-05-06T13:56:26.535Z] >>> [apiv2][query] GET https://firebase.googleapis.com/v1beta1/projects/web-sign-doc [none]
[debug] [2022-05-06T13:56:26.993Z] <<< [apiv2][status] GET https://firebase.googleapis.com/v1beta1/projects/web-sign-doc 200
[debug] [2022-05-06T13:56:26.994Z] <<< [apiv2][body] GET https://firebase.googleapis.com/v1beta1/projects/web-sign-doc {"projectId":"web-sign-doc","projectNumber":"5345066392","displayName":"web-sign-doc","name":"projects/web-sign-doc","resources":{"hostingSite":"web-sign-doc","realtimeDatabaseInstance":"web-sign-doc-default-rtdb","storageBucket":"web-sign-doc.appspot.com","locationId":"asia-southeast1"},"state":"ACTIVE"}
[info] i  Using project web-sign-doc (web-sign-doc) 
[info] 
=== Database Setup
[info] i  database: ensuring required API firebasedatabase.googleapis.com is enabled... 
[debug] [2022-05-06T13:56:27.022Z] >>> [apiv2][query] GET https://serviceusage.googleapis.com/v1/projects/web-sign-doc/services/firebasedatabase.googleapis.com [none]
[debug] [2022-05-06T13:56:28.505Z] <<< [apiv2][status] GET https://serviceusage.googleapis.com/v1/projects/web-sign-doc/services/firebasedatabase.googleapis.com 200
[debug] [2022-05-06T13:56:28.505Z] <<< [apiv2][body] GET https://serviceusage.googleapis.com/v1/projects/web-sign-doc/services/firebasedatabase.googleapis.com [omitted]
[info] ✔  database: required API firebasedatabase.googleapis.com is enabled 
[info] 
[debug] [2022-05-06T13:56:28.510Z] > refreshing access token with scopes: ["email","https://www.googleapis.com/auth/cloud-platform","https://www.googleapis.com/auth/cloudplatformprojects.readonly","https://www.googleapis.com/auth/firebase","openid"]
[debug] [2022-05-06T13:56:28.510Z] >>> HTTP REQUEST POST https://www.googleapis.com/oauth2/v3/token  
 <request body omitted>
[debug] [2022-05-06T13:56:28.694Z] <<< HTTP RESPONSE 200 {"expires":"Mon, 01 Jan 1990 00:00:00 GMT","date":"Fri, 06 May 2022 13:56:28 GMT","pragma":"no-cache","cache-control":"no-cache, no-store, max-age=0, must-revalidate","content-type":"application/json; charset=utf-8","vary":"X-Origin, Referer, Origin,Accept-Encoding","server":"scaffolding on HTTPServer2","x-xss-protection":"0","x-frame-options":"SAMEORIGIN","x-content-type-options":"nosniff","alt-svc":"h3=\":443\"; ma=2592000,h3-29=\":443\"; ma=2592000,h3-Q050=\":443\"; ma=2592000,h3-Q046=\":443\"; ma=2592000,h3-Q043=\":443\"; ma=2592000,quic=\":443\"; ma=2592000; v=\"46,43\"","accept-ranges":"none","transfer-encoding":"chunked"}
[debug] [2022-05-06T13:56:28.740Z] >>> HTTP REQUEST GET https://firebasedatabase.googleapis.com/v1beta/projects/web-sign-doc/locations/-/instances/web-sign-doc-default-rtdb  
 
[debug] [2022-05-06T13:56:29.438Z] <<< HTTP RESPONSE 200 {"content-type":"application/json; charset=UTF-8","vary":"X-Origin, Referer, Origin,Accept-Encoding","date":"Fri, 06 May 2022 13:56:29 GMT","server":"ESF","cache-control":"private","x-xss-protection":"0","x-frame-options":"SAMEORIGIN","x-content-type-options":"nosniff","alt-svc":"h3=\":443\"; ma=2592000,h3-29=\":443\"; ma=2592000,h3-Q050=\":443\"; ma=2592000,h3-Q046=\":443\"; ma=2592000,h3-Q043=\":443\"; ma=2592000,quic=\":443\"; ma=2592000; v=\"46,43\"","accept-ranges":"none","transfer-encoding":"chunked"}
[info] 
[info] Firebase Realtime Database Security Rules allow you to define how your data should be
[info] structured and when your data can be read from and written to.
[info] 
[debug] [2022-05-06T13:56:29.443Z] >>> HTTP REQUEST GET https://web-sign-doc-default-rtdb.asia-southeast1.firebasedatabase.app/.settings/rules.json  
 
[debug] [2022-05-06T13:56:29.668Z] <<< HTTP RESPONSE 200 {"server":"nginx","date":"Fri, 06 May 2022 13:56:29 GMT","content-type":"application/json; charset=utf-8","content-length":"161","connection":"keep-alive","access-control-allow-origin":"*","cache-control":"no-cache","strict-transport-security":"max-age=31556926; includeSubDomains; preload"}
[info] ✔  Database Rules for web-sign-doc-default-rtdb have been written to database.rules.json. 
[info] Future modifications to database.rules.json will update Realtime Database Security Rules when you run
[info] firebase deploy.
[info] 
=== Firestore Setup
[debug] [2022-05-06T13:56:29.675Z] > refreshing access token with scopes: []
[debug] [2022-05-06T13:56:29.675Z] >>> HTTP REQUEST POST https://www.googleapis.com/oauth2/v3/token  
 <request body omitted>
[debug] [2022-05-06T13:56:29.849Z] <<< HTTP RESPONSE 200 {"date":"Fri, 06 May 2022 13:56:29 GMT","expires":"Mon, 01 Jan 1990 00:00:00 GMT","cache-control":"no-cache, no-store, max-age=0, must-revalidate","pragma":"no-cache","content-type":"application/json; charset=utf-8","vary":"X-Origin, Referer, Origin,Accept-Encoding","server":"scaffolding on HTTPServer2","x-xss-protection":"0","x-frame-options":"SAMEORIGIN","x-content-type-options":"nosniff","alt-svc":"h3=\":443\"; ma=2592000,h3-29=\":443\"; ma=2592000,h3-Q050=\":443\"; ma=2592000,h3-Q046=\":443\"; ma=2592000,h3-Q043=\":443\"; ma=2592000,quic=\":443\"; ma=2592000; v=\"46,43\"","accept-ranges":"none","transfer-encoding":"chunked"}
[debug] [2022-05-06T13:56:29.894Z] >>> [apiv2][query] GET https://serviceusage.googleapis.com/v1/projects/web-sign-doc/services/firestore.googleapis.com [none]
[debug] [2022-05-06T13:56:31.486Z] <<< [apiv2][status] GET https://serviceusage.googleapis.com/v1/projects/web-sign-doc/services/firestore.googleapis.com 200
[debug] [2022-05-06T13:56:31.487Z] <<< [apiv2][body] GET https://serviceusage.googleapis.com/v1/projects/web-sign-doc/services/firestore.googleapis.com [omitted]
[debug] [2022-05-06T13:56:31.487Z] > refreshing access token with scopes: ["email","https://www.googleapis.com/auth/cloud-platform","https://www.googleapis.com/auth/cloudplatformprojects.readonly","https://www.googleapis.com/auth/firebase","openid"]
[debug] [2022-05-06T13:56:31.487Z] >>> HTTP REQUEST POST https://www.googleapis.com/oauth2/v3/token  
 <request body omitted>
[debug] [2022-05-06T13:56:31.639Z] <<< HTTP RESPONSE 200 {"expires":"Mon, 01 Jan 1990 00:00:00 GMT","date":"Fri, 06 May 2022 13:56:31 GMT","pragma":"no-cache","cache-control":"no-cache, no-store, max-age=0, must-revalidate","content-type":"application/json; charset=utf-8","vary":"X-Origin, Referer, Origin,Accept-Encoding","server":"scaffolding on HTTPServer2","x-xss-protection":"0","x-frame-options":"SAMEORIGIN","x-content-type-options":"nosniff","alt-svc":"h3=\":443\"; ma=2592000,h3-29=\":443\"; ma=2592000,h3-Q050=\":443\"; ma=2592000,h3-Q046=\":443\"; ma=2592000,h3-Q043=\":443\"; ma=2592000,quic=\":443\"; ma=2592000; v=\"46,43\"","accept-ranges":"none","transfer-encoding":"chunked"}
[debug] [2022-05-06T13:56:31.683Z] >>> HTTP REQUEST GET https://appengine.googleapis.com/v1/apps/web-sign-doc  
 
[debug] [2022-05-06T13:56:31.991Z] <<< HTTP RESPONSE 200 {"content-type":"application/json; charset=UTF-8","vary":"X-Origin, Referer, Origin,Accept-Encoding","date":"Fri, 06 May 2022 13:56:32 GMT","server":"ESF","cache-control":"private","x-xss-protection":"0","x-frame-options":"SAMEORIGIN","x-content-type-options":"nosniff","alt-svc":"h3=\":443\"; ma=2592000,h3-29=\":443\"; ma=2592000,h3-Q050=\":443\"; ma=2592000,h3-Q046=\":443\"; ma=2592000,h3-Q043=\":443\"; ma=2592000,quic=\":443\"; ma=2592000; v=\"46,43\"","accept-ranges":"none","transfer-encoding":"chunked"}
[debug] [2022-05-06T13:56:31.992Z] database_type: CLOUD_FIRESTORE
[debug] [2022-05-06T13:56:31.992Z] > command requires scopes: ["email","openid","https://www.googleapis.com/auth/cloudplatformprojects.readonly","https://www.googleapis.com/auth/firebase","https://www.googleapis.com/auth/cloud-platform"]
[debug] [2022-05-06T13:56:31.993Z] > authorizing via signed-in user (6222770594@g.siit.tu.ac.th)
[debug] [2022-05-06T13:56:31.993Z] [iam] checking project web-sign-doc for permissions ["firebase.projects.get"]
[debug] [2022-05-06T13:56:31.993Z] > refreshing access token with scopes: []
[debug] [2022-05-06T13:56:31.994Z] >>> HTTP REQUEST POST https://www.googleapis.com/oauth2/v3/token  
 <request body omitted>
[debug] [2022-05-06T13:56:32.190Z] <<< HTTP RESPONSE 200 {"cache-control":"no-cache, no-store, max-age=0, must-revalidate","date":"Fri, 06 May 2022 13:56:32 GMT","pragma":"no-cache","expires":"Mon, 01 Jan 1990 00:00:00 GMT","content-type":"application/json; charset=utf-8","vary":"X-Origin, Referer, Origin,Accept-Encoding","server":"scaffolding on HTTPServer2","x-xss-protection":"0","x-frame-options":"SAMEORIGIN","x-content-type-options":"nosniff","alt-svc":"h3=\":443\"; ma=2592000,h3-29=\":443\"; ma=2592000,h3-Q050=\":443\"; ma=2592000,h3-Q046=\":443\"; ma=2592000,h3-Q043=\":443\"; ma=2592000,quic=\":443\"; ma=2592000; v=\"46,43\"","accept-ranges":"none","transfer-encoding":"chunked"}
[debug] [2022-05-06T13:56:32.238Z] >>> [apiv2][query] POST https://cloudresourcemanager.googleapis.com/v1/projects/web-sign-doc:testIamPermissions [none]
[debug] [2022-05-06T13:56:32.238Z] >>> [apiv2][body] POST https://cloudresourcemanager.googleapis.com/v1/projects/web-sign-doc:testIamPermissions {"permissions":["firebase.projects.get"]}
[debug] [2022-05-06T13:56:33.414Z] <<< [apiv2][status] POST https://cloudresourcemanager.googleapis.com/v1/projects/web-sign-doc:testIamPermissions 200
[debug] [2022-05-06T13:56:33.415Z] <<< [apiv2][body] POST https://cloudresourcemanager.googleapis.com/v1/projects/web-sign-doc:testIamPermissions {"permissions":["firebase.projects.get"]}
[info] 
[info] Firestore Security Rules allow you to define how and when to allow
[info] requests. You can keep these rules in your project directory
[info] and publish them with firebase deploy.
[info] 
[debug] [2022-05-06T13:56:34.899Z] >>> [apiv2][query] GET https://firebaserules.googleapis.com/v1/projects/web-sign-doc/releases pageSize=10&pageToken=
[debug] [2022-05-06T13:56:36.300Z] <<< [apiv2][status] GET https://firebaserules.googleapis.com/v1/projects/web-sign-doc/releases 200
[debug] [2022-05-06T13:56:36.300Z] <<< [apiv2][body] GET https://firebaserules.googleapis.com/v1/projects/web-sign-doc/releases {"releases":[{"name":"projects/web-sign-doc/releases/cloud.firestore","rulesetName":"projects/web-sign-doc/rulesets/fea7d3b2-04a9-458f-ba22-f0b8fd7b1d20","createTime":"2022-05-05T04:12:45.926965Z","updateTime":"2022-05-05T04:18:08.145057Z"},{"name":"projects/web-sign-doc/releases/firebase.storage/web-sign-doc.appspot.com","rulesetName":"projects/web-sign-doc/rulesets/3638c396-2c91-4b82-a1a9-190aa3b317b7","createTime":"2022-05-05T04:11:39.257490Z","updateTime":"2022-05-05T06:23:12.506594Z"}]}
[debug] [2022-05-06T13:56:36.302Z] Found ruleset: projects/web-sign-doc/rulesets/fea7d3b2-04a9-458f-ba22-f0b8fd7b1d20
[debug] [2022-05-06T13:56:36.303Z] >>> [apiv2][query] GET https://firebaserules.googleapis.com/v1/projects/web-sign-doc/rulesets/fea7d3b2-04a9-458f-ba22-f0b8fd7b1d20 [none]
[debug] [2022-05-06T13:56:37.673Z] <<< [apiv2][status] GET https://firebaserules.googleapis.com/v1/projects/web-sign-doc/rulesets/fea7d3b2-04a9-458f-ba22-f0b8fd7b1d20 200
[debug] [2022-05-06T13:56:37.673Z] <<< [apiv2][body] GET https://firebaserules.googleapis.com/v1/projects/web-sign-doc/rulesets/fea7d3b2-04a9-458f-ba22-f0b8fd7b1d20 [omitted]
[info] 
[info] Firestore indexes allow you to perform complex queries while
[info] maintaining performance that scales with the size of the result
[info] set. You can keep index definitions in your project directory
[info] and publish them with firebase deploy.
[info] 
[debug] [2022-05-06T13:56:37.678Z] > refreshing access token with scopes: ["email","https://www.googleapis.com/auth/cloud-platform","https://www.googleapis.com/auth/cloudplatformprojects.readonly","https://www.googleapis.com/auth/firebase","openid"]
[debug] [2022-05-06T13:56:37.678Z] >>> HTTP REQUEST POST https://www.googleapis.com/oauth2/v3/token  
 <request body omitted>
[debug] [2022-05-06T13:56:37.680Z] > refreshing access token with scopes: ["email","https://www.googleapis.com/auth/cloud-platform","https://www.googleapis.com/auth/cloudplatformprojects.readonly","https://www.googleapis.com/auth/firebase","openid"]
[debug] [2022-05-06T13:56:37.680Z] >>> HTTP REQUEST POST https://www.googleapis.com/oauth2/v3/token  
 <request body omitted>
[debug] [2022-05-06T13:56:37.828Z] <<< HTTP RESPONSE 200 {"pragma":"no-cache","expires":"Mon, 01 Jan 1990 00:00:00 GMT","cache-control":"no-cache, no-store, max-age=0, must-revalidate","date":"Fri, 06 May 2022 13:56:37 GMT","content-type":"application/json; charset=utf-8","vary":"X-Origin, Referer, Origin,Accept-Encoding","server":"scaffolding on HTTPServer2","x-xss-protection":"0","x-frame-options":"SAMEORIGIN","x-content-type-options":"nosniff","alt-svc":"h3=\":443\"; ma=2592000,h3-29=\":443\"; ma=2592000,h3-Q050=\":443\"; ma=2592000,h3-Q046=\":443\"; ma=2592000,h3-Q043=\":443\"; ma=2592000,quic=\":443\"; ma=2592000; v=\"46,43\"","accept-ranges":"none","transfer-encoding":"chunked"}
[debug] [2022-05-06T13:56:37.871Z] >>> HTTP REQUEST GET https://firestore.googleapis.com/v1/projects/web-sign-doc/databases/(default)/collectionGroups/-/indexes  
 
[debug] [2022-05-06T13:56:37.876Z] <<< HTTP RESPONSE 200 {"cache-control":"no-cache, no-store, max-age=0, must-revalidate","expires":"Mon, 01 Jan 1990 00:00:00 GMT","pragma":"no-cache","date":"Fri, 06 May 2022 13:56:37 GMT","content-type":"application/json; charset=utf-8","vary":"X-Origin, Referer, Origin,Accept-Encoding","server":"scaffolding on HTTPServer2","x-xss-protection":"0","x-frame-options":"SAMEORIGIN","x-content-type-options":"nosniff","alt-svc":"h3=\":443\"; ma=2592000,h3-29=\":443\"; ma=2592000,h3-Q050=\":443\"; ma=2592000,h3-Q046=\":443\"; ma=2592000,h3-Q043=\":443\"; ma=2592000,quic=\":443\"; ma=2592000; v=\"46,43\"","accept-ranges":"none","transfer-encoding":"chunked"}
[debug] [2022-05-06T13:56:37.917Z] >>> HTTP REQUEST GET https://firestore.googleapis.com/v1/projects/web-sign-doc/databases/(default)/collectionGroups/-/fields?filter=indexConfig.usesAncestorConfig=false  
 
[debug] [2022-05-06T13:56:38.228Z] <<< HTTP RESPONSE 200 {"content-type":"application/json; charset=UTF-8","vary":"X-Origin, Referer, Origin,Accept-Encoding","date":"Fri, 06 May 2022 13:56:38 GMT","server":"ESF","cache-control":"private","x-xss-protection":"0","x-frame-options":"SAMEORIGIN","x-content-type-options":"nosniff","alt-svc":"h3=\":443\"; ma=2592000,h3-29=\":443\"; ma=2592000,h3-Q050=\":443\"; ma=2592000,h3-Q046=\":443\"; ma=2592000,h3-Q043=\":443\"; ma=2592000,quic=\":443\"; ma=2592000; v=\"46,43\"","accept-ranges":"none","transfer-encoding":"chunked"}
[debug] [2022-05-06T13:56:38.232Z] <<< HTTP RESPONSE 200 {"content-type":"application/json; charset=UTF-8","vary":"X-Origin, Referer, Origin,Accept-Encoding","date":"Fri, 06 May 2022 13:56:38 GMT","server":"ESF","cache-control":"private","x-xss-protection":"0","x-frame-options":"SAMEORIGIN","x-content-type-options":"nosniff","alt-svc":"h3=\":443\"; ma=2592000,h3-29=\":443\"; ma=2592000,h3-Q050=\":443\"; ma=2592000,h3-Q046=\":443\"; ma=2592000,h3-Q043=\":443\"; ma=2592000,quic=\":443\"; ma=2592000; v=\"46,43\"","accept-ranges":"none","transfer-encoding":"chunked"}
[info] 
=== Hosting:github Setup
[info] 
[info] i  Detected a .git folder at /Users/parichsakda/Downloads/pdftron-sign-app-master 
[info] i  Authorizing with GitHub to upload your service account to a GitHub repository's secrets store. 
[info] 
[info] Visit this URL on this device to log in:
[info] https://github.com/login/oauth/authorize?client_id=89cf50f02ac6aaed3484&state=283868917&redirect_uri=http%3A%2F%2Flocalhost%3A9005&scope=read%3Auser%20repo%20public_repo
[info] 
[info] Waiting for authentication...
[debug] [2022-05-06T13:56:39.073Z] >>> HTTP REQUEST POST https://github.com/login/oauth/access_token  
 {"client_id":"89cf50f02ac6aaed3484","client_secret":"3330d14abc895d9a74d5f17cd7a00711fa2c5bf0","code":"2d4432b50f9fbf4152f7","redirect_uri":"http://localhost:9005","state":"283868917"}
[debug] [2022-05-06T13:56:39.573Z] <<< HTTP RESPONSE 200 {"server":"GitHub.com","date":"Fri, 06 May 2022 13:56:39 GMT","content-type":"application/json; charset=utf-8","transfer-encoding":"chunked","vary":"X-PJAX, X-PJAX-Container, Accept-Encoding, Accept, X-Requested-With","permissions-policy":"interest-cohort=()","etag":"W/\"92a458f3023f92b4001cae0997ea3307\"","cache-control":"max-age=0, private, must-revalidate","strict-transport-security":"max-age=31536000; includeSubdomains; preload","x-frame-options":"deny","x-content-type-options":"nosniff","x-xss-protection":"0","referrer-policy":"origin-when-cross-origin, strict-origin-when-cross-origin","expect-ct":"max-age=2592000, report-uri=\"https://api.github.com/_private/browser/errors\"","content-security-policy":"default-src 'none'; base-uri 'self'; block-all-mixed-content; child-src github.com/assets-cdn/worker/ gist.github.com/assets-cdn/worker/; connect-src 'self' uploads.github.com objects-origin.githubusercontent.com www.githubstatus.com collector.github.com raw.githubusercontent.com api.github.com github-cloud.s3.amazonaws.com github-production-repository-file-5c1aeb.s3.amazonaws.com github-production-upload-manifest-file-7fdce7.s3.amazonaws.com github-production-user-asset-6210df.s3.amazonaws.com cdn.optimizely.com logx.optimizely.com/v1/events translator.github.com *.actions.githubusercontent.com wss://*.actions.githubusercontent.com online.visualstudio.com/api/v1/locations github-production-repository-image-32fea6.s3.amazonaws.com github-production-release-asset-2e65be.s3.amazonaws.com insights.github.com wss://alive.github.com; font-src github.githubassets.com; form-action 'self' github.com gist.github.com objects-origin.githubusercontent.com; frame-ancestors 'none'; frame-src render.githubusercontent.com viewscreen.githubusercontent.com notebooks.githubusercontent.com; img-src 'self' data: github.githubassets.com identicons.github.com github-cloud.s3.amazonaws.com secured-user-images.githubusercontent.com/ *.githubusercontent.com; manifest-src 'self'; media-src github.com user-images.githubusercontent.com/; script-src github.githubassets.com; style-src 'unsafe-inline' github.githubassets.com; worker-src github.com/assets-cdn/worker/ gist.github.com/assets-cdn/worker/","x-github-request-id":"E388:62F7:2AA0CA:312A9B:62752917"}
[debug] [2022-05-06T13:56:39.590Z] >>> [apiv2][query] GET https://api.github.com/user [none]
[debug] [2022-05-06T13:56:40.089Z] <<< [apiv2][status] GET https://api.github.com/user 200
[debug] [2022-05-06T13:56:40.095Z] <<< [apiv2][body] GET https://api.github.com/user {"login":"artsk137","id":99379654,"node_id":"U_kgDOBexpxg","avatar_url":"https://avatars.githubusercontent.com/u/99379654?v=4","gravatar_id":"","url":"https://api.github.com/users/artsk137","html_url":"https://github.com/artsk137","followers_url":"https://api.github.com/users/artsk137/followers","following_url":"https://api.github.com/users/artsk137/following{/other_user}","gists_url":"https://api.github.com/users/artsk137/gists{/gist_id}","starred_url":"https://api.github.com/users/artsk137/starred{/owner}{/repo}","subscriptions_url":"https://api.github.com/users/artsk137/subscriptions","organizations_url":"https://api.github.com/users/artsk137/orgs","repos_url":"https://api.github.com/users/artsk137/repos","events_url":"https://api.github.com/users/artsk137/events{/privacy}","received_events_url":"https://api.github.com/users/artsk137/received_events","type":"User","site_admin":false,"name":null,"company":null,"blog":"","location":null,"email":null,"hireable":null,"bio":null,"twitter_username":null,"public_repos":2,"public_gists":0,"followers":0,"following":0,"created_at":"2022-02-10T03:52:02Z","updated_at":"2022-05-06T13:28:27Z","private_gists":0,"total_private_repos":0,"owned_private_repos":0,"disk_usage":316,"collaborators":0,"two_factor_authentication":false,"plan":{"name":"free","space":976562499,"collaborators":0,"private_repos":10000}}
[info] 
[info] ✔  Success! Logged into GitHub as artsk137 
[info] 
[debug] [2022-05-06T13:56:44.821Z] >>> [apiv2][query] GET https://api.github.com/repos//actions/secrets/public-key type=owner
[debug] [2022-05-06T13:56:45.213Z] <<< [apiv2][status] GET https://api.github.com/repos//actions/secrets/public-key 404
[debug] [2022-05-06T13:56:45.214Z] <<< [apiv2][body] GET https://api.github.com/repos//actions/secrets/public-key {"message":"Not Found","documentation_url":"https://docs.github.com/rest"}
[debug] [2022-05-06T13:56:50.504Z] >>> [apiv2][query] GET https://api.github.com/repos//actions/secrets/public-key type=owner
[debug] [2022-05-06T13:56:50.666Z] >>> [apiv2][query] GET https://api.github.com/repos//actions/secrets/public-key type=owner
[debug] [2022-05-06T13:56:50.805Z] >>> [apiv2][query] GET https://api.github.com/repos//actions/secrets/public-key type=owner
[debug] [2022-05-06T13:56:50.898Z] <<< [apiv2][status] GET https://api.github.com/repos//actions/secrets/public-key 404
[debug] [2022-05-06T13:56:50.899Z] <<< [apiv2][body] GET https://api.github.com/repos//actions/secrets/public-key {"message":"Not Found","documentation_url":"https://docs.github.com/rest"}
[debug] [2022-05-06T13:56:50.945Z] >>> [apiv2][query] GET https://api.github.com/repos//actions/secrets/public-key type=owner
[debug] [2022-05-06T13:56:51.055Z] <<< [apiv2][status] GET https://api.github.com/repos//actions/secrets/public-key 404
[debug] [2022-05-06T13:56:51.055Z] <<< [apiv2][body] GET https://api.github.com/repos//actions/secrets/public-key {"message":"Not Found","documentation_url":"https://docs.github.com/rest"}
[debug] [2022-05-06T13:56:51.208Z] <<< [apiv2][status] GET https://api.github.com/repos//actions/secrets/public-key 404
[debug] [2022-05-06T13:56:51.208Z] <<< [apiv2][body] GET https://api.github.com/repos//actions/secrets/public-key {"message":"Not Found","documentation_url":"https://docs.github.com/rest"}
[debug] [2022-05-06T13:56:51.337Z] <<< [apiv2][status] GET https://api.github.com/repos//actions/secrets/public-key 404
[debug] [2022-05-06T13:56:51.338Z] <<< [apiv2][body] GET https://api.github.com/repos//actions/secrets/public-key {"message":"Not Found","documentation_url":"https://docs.github.com/rest"}
[debug] [2022-05-06T13:57:53.193Z] ----------------------------------------------------------------------
[debug] [2022-05-06T13:57:53.194Z] Command:       /usr/local/bin/firebase /Users/parichsakda/.cache/firebase/tools/lib/node_modules/firebase-tools/lib/bin/firebase init
[debug] [2022-05-06T13:57:53.195Z] CLI Version:   10.8.0
[debug] [2022-05-06T13:57:53.195Z] Platform:      darwin
[debug] [2022-05-06T13:57:53.195Z] Node Version:  v12.18.1
[debug] [2022-05-06T13:57:53.195Z] Time:          Fri May 06 2022 20:57:53 GMT+0700 (Indochina Time)
[debug] [2022-05-06T13:57:53.195Z] ----------------------------------------------------------------------
[debug] 
[debug] [2022-05-06T13:57:53.249Z] > command requires scopes: ["email","openid","https://www.googleapis.com/auth/cloudplatformprojects.readonly","https://www.googleapis.com/auth/firebase","https://www.googleapis.com/auth/cloud-platform"]
[debug] [2022-05-06T13:57:53.250Z] > authorizing via signed-in user (6222770594@g.siit.tu.ac.th)
[info] 
     ######## #### ########  ######## ########     ###     ######  ########
     ##        ##  ##     ## ##       ##     ##  ##   ##  ##       ##
     ######    ##  ########  ######   ########  #########  ######  ######
     ##        ##  ##    ##  ##       ##     ## ##     ##       ## ##
     ##       #### ##     ## ######## ########  ##     ##  ######  ########

You're about to initialize a Firebase project in this directory:

  /Users/parichsakda

Before we get started, keep in mind:

  * You are initializing within an existing Firebase project directory

[info] 
=== Project Setup
[info] 
[info] First, let's associate this project directory with a Firebase project.
[info] You can create multiple project aliases by running firebase use --add, 
[info] but for now we'll just set up a default project.
[info] 
[debug] [2022-05-06T13:59:11.440Z] Using project from CLI flag: web-sign-doc
[debug] [2022-05-06T13:59:11.446Z] > refreshing access token with scopes: []
[debug] [2022-05-06T13:59:11.447Z] >>> HTTP REQUEST POST https://www.googleapis.com/oauth2/v3/token  
 <request body omitted>
[debug] [2022-05-06T13:59:11.690Z] <<< HTTP RESPONSE 200 {"pragma":"no-cache","expires":"Mon, 01 Jan 1990 00:00:00 GMT","date":"Fri, 06 May 2022 13:59:11 GMT","cache-control":"no-cache, no-store, max-age=0, must-revalidate","content-type":"application/json; charset=utf-8","vary":"X-Origin, Referer, Origin,Accept-Encoding","server":"scaffolding on HTTPServer2","x-xss-protection":"0","x-frame-options":"SAMEORIGIN","x-content-type-options":"nosniff","alt-svc":"h3=\":443\"; ma=2592000,h3-29=\":443\"; ma=2592000,h3-Q050=\":443\"; ma=2592000,h3-Q046=\":443\"; ma=2592000,h3-Q043=\":443\"; ma=2592000,quic=\":443\"; ma=2592000; v=\"46,43\"","accept-ranges":"none","transfer-encoding":"chunked"}
[debug] [2022-05-06T13:59:11.739Z] >>> [apiv2][query] GET https://firebase.googleapis.com/v1beta1/projects/web-sign-doc [none]
[debug] [2022-05-06T13:59:12.216Z] <<< [apiv2][status] GET https://firebase.googleapis.com/v1beta1/projects/web-sign-doc 200
[debug] [2022-05-06T13:59:12.216Z] <<< [apiv2][body] GET https://firebase.googleapis.com/v1beta1/projects/web-sign-doc {"projectId":"web-sign-doc","projectNumber":"5345066392","displayName":"web-sign-doc","name":"projects/web-sign-doc","resources":{"hostingSite":"web-sign-doc","realtimeDatabaseInstance":"web-sign-doc-default-rtdb","storageBucket":"web-sign-doc.appspot.com","locationId":"asia-southeast1"},"state":"ACTIVE"}
[info] i  Using project web-sign-doc (web-sign-doc) 
[info] 
=== Database Setup
[info] i  database: ensuring required API firebasedatabase.googleapis.com is enabled... 
[debug] [2022-05-06T13:59:12.241Z] >>> [apiv2][query] GET https://serviceusage.googleapis.com/v1/projects/web-sign-doc/services/firebasedatabase.googleapis.com [none]
[debug] [2022-05-06T13:59:16.845Z] <<< [apiv2][status] GET https://serviceusage.googleapis.com/v1/projects/web-sign-doc/services/firebasedatabase.googleapis.com 200
[debug] [2022-05-06T13:59:16.846Z] <<< [apiv2][body] GET https://serviceusage.googleapis.com/v1/projects/web-sign-doc/services/firebasedatabase.googleapis.com [omitted]
[info] ✔  database: required API firebasedatabase.googleapis.com is enabled 
[info] 
[debug] [2022-05-06T13:59:16.851Z] > refreshing access token with scopes: ["email","https://www.googleapis.com/auth/cloud-platform","https://www.googleapis.com/auth/cloudplatformprojects.readonly","https://www.googleapis.com/auth/firebase","openid"]
[debug] [2022-05-06T13:59:16.851Z] >>> HTTP REQUEST POST https://www.googleapis.com/oauth2/v3/token  
 <request body omitted>
[debug] [2022-05-06T13:59:17.026Z] <<< HTTP RESPONSE 200 {"pragma":"no-cache","expires":"Mon, 01 Jan 1990 00:00:00 GMT","date":"Fri, 06 May 2022 13:59:17 GMT","cache-control":"no-cache, no-store, max-age=0, must-revalidate","content-type":"application/json; charset=utf-8","vary":"X-Origin, Referer, Origin,Accept-Encoding","server":"scaffolding on HTTPServer2","x-xss-protection":"0","x-frame-options":"SAMEORIGIN","x-content-type-options":"nosniff","alt-svc":"h3=\":443\"; ma=2592000,h3-29=\":443\"; ma=2592000,h3-Q050=\":443\"; ma=2592000,h3-Q046=\":443\"; ma=2592000,h3-Q043=\":443\"; ma=2592000,quic=\":443\"; ma=2592000; v=\"46,43\"","accept-ranges":"none","transfer-encoding":"chunked"}
[debug] [2022-05-06T13:59:17.072Z] >>> HTTP REQUEST GET https://firebasedatabase.googleapis.com/v1beta/projects/web-sign-doc/locations/-/instances/web-sign-doc-default-rtdb  
 
[debug] [2022-05-06T13:59:17.745Z] <<< HTTP RESPONSE 200 {"content-type":"application/json; charset=UTF-8","vary":"X-Origin, Referer, Origin,Accept-Encoding","date":"Fri, 06 May 2022 13:59:17 GMT","server":"ESF","cache-control":"private","x-xss-protection":"0","x-frame-options":"SAMEORIGIN","x-content-type-options":"nosniff","alt-svc":"h3=\":443\"; ma=2592000,h3-29=\":443\"; ma=2592000,h3-Q050=\":443\"; ma=2592000,h3-Q046=\":443\"; ma=2592000,h3-Q043=\":443\"; ma=2592000,quic=\":443\"; ma=2592000; v=\"46,43\"","accept-ranges":"none","transfer-encoding":"chunked"}
[info] 
[info] Firebase Realtime Database Security Rules allow you to define how your data should be
[info] structured and when your data can be read from and written to.
[info] 
[debug] [2022-05-06T13:59:17.751Z] >>> HTTP REQUEST GET https://web-sign-doc-default-rtdb.asia-southeast1.firebasedatabase.app/.settings/rules.json  
 
[debug] [2022-05-06T13:59:18.040Z] <<< HTTP RESPONSE 200 {"server":"nginx","date":"Fri, 06 May 2022 13:59:18 GMT","content-type":"application/json; charset=utf-8","content-length":"161","connection":"keep-alive","access-control-allow-origin":"*","cache-control":"no-cache","strict-transport-security":"max-age=31556926; includeSubDomains; preload"}
[info] ✔  Database Rules for web-sign-doc-default-rtdb have been written to database.rules.json. 
[info] Future modifications to database.rules.json will update Realtime Database Security Rules when you run
[info] firebase deploy.
[info] 
=== Firestore Setup
[debug] [2022-05-06T13:59:18.047Z] > refreshing access token with scopes: []
[debug] [2022-05-06T13:59:18.048Z] >>> HTTP REQUEST POST https://www.googleapis.com/oauth2/v3/token  
 <request body omitted>
[debug] [2022-05-06T13:59:18.201Z] <<< HTTP RESPONSE 200 {"cache-control":"no-cache, no-store, max-age=0, must-revalidate","date":"Fri, 06 May 2022 13:59:18 GMT","pragma":"no-cache","expires":"Mon, 01 Jan 1990 00:00:00 GMT","content-type":"application/json; charset=utf-8","vary":"X-Origin, Referer, Origin,Accept-Encoding","server":"scaffolding on HTTPServer2","x-xss-protection":"0","x-frame-options":"SAMEORIGIN","x-content-type-options":"nosniff","alt-svc":"h3=\":443\"; ma=2592000,h3-29=\":443\"; ma=2592000,h3-Q050=\":443\"; ma=2592000,h3-Q046=\":443\"; ma=2592000,h3-Q043=\":443\"; ma=2592000,quic=\":443\"; ma=2592000; v=\"46,43\"","accept-ranges":"none","transfer-encoding":"chunked"}
[debug] [2022-05-06T13:59:18.244Z] >>> [apiv2][query] GET https://serviceusage.googleapis.com/v1/projects/web-sign-doc/services/firestore.googleapis.com [none]
[debug] [2022-05-06T13:59:19.709Z] <<< [apiv2][status] GET https://serviceusage.googleapis.com/v1/projects/web-sign-doc/services/firestore.googleapis.com 200
[debug] [2022-05-06T13:59:19.710Z] <<< [apiv2][body] GET https://serviceusage.googleapis.com/v1/projects/web-sign-doc/services/firestore.googleapis.com [omitted]
[debug] [2022-05-06T13:59:19.711Z] > refreshing access token with scopes: ["email","https://www.googleapis.com/auth/cloud-platform","https://www.googleapis.com/auth/cloudplatformprojects.readonly","https://www.googleapis.com/auth/firebase","openid"]
[debug] [2022-05-06T13:59:19.711Z] >>> HTTP REQUEST POST https://www.googleapis.com/oauth2/v3/token  
 <request body omitted>
[debug] [2022-05-06T13:59:19.878Z] <<< HTTP RESPONSE 200 {"pragma":"no-cache","expires":"Mon, 01 Jan 1990 00:00:00 GMT","cache-control":"no-cache, no-store, max-age=0, must-revalidate","date":"Fri, 06 May 2022 13:59:19 GMT","content-type":"application/json; charset=utf-8","vary":"X-Origin, Referer, Origin,Accept-Encoding","server":"scaffolding on HTTPServer2","x-xss-protection":"0","x-frame-options":"SAMEORIGIN","x-content-type-options":"nosniff","alt-svc":"h3=\":443\"; ma=2592000,h3-29=\":443\"; ma=2592000,h3-Q050=\":443\"; ma=2592000,h3-Q046=\":443\"; ma=2592000,h3-Q043=\":443\"; ma=2592000,quic=\":443\"; ma=2592000; v=\"46,43\"","accept-ranges":"none","transfer-encoding":"chunked"}
[debug] [2022-05-06T13:59:19.921Z] >>> HTTP REQUEST GET https://appengine.googleapis.com/v1/apps/web-sign-doc  
 
[debug] [2022-05-06T13:59:20.365Z] <<< HTTP RESPONSE 200 {"content-type":"application/json; charset=UTF-8","vary":"X-Origin, Referer, Origin,Accept-Encoding","date":"Fri, 06 May 2022 13:59:20 GMT","server":"ESF","cache-control":"private","x-xss-protection":"0","x-frame-options":"SAMEORIGIN","x-content-type-options":"nosniff","alt-svc":"h3=\":443\"; ma=2592000,h3-29=\":443\"; ma=2592000,h3-Q050=\":443\"; ma=2592000,h3-Q046=\":443\"; ma=2592000,h3-Q043=\":443\"; ma=2592000,quic=\":443\"; ma=2592000; v=\"46,43\"","accept-ranges":"none","transfer-encoding":"chunked"}
[debug] [2022-05-06T13:59:20.366Z] database_type: CLOUD_FIRESTORE
[debug] [2022-05-06T13:59:20.368Z] > command requires scopes: ["email","openid","https://www.googleapis.com/auth/cloudplatformprojects.readonly","https://www.googleapis.com/auth/firebase","https://www.googleapis.com/auth/cloud-platform"]
[debug] [2022-05-06T13:59:20.368Z] > authorizing via signed-in user (6222770594@g.siit.tu.ac.th)
[debug] [2022-05-06T13:59:20.368Z] [iam] checking project web-sign-doc for permissions ["firebase.projects.get"]
[debug] [2022-05-06T13:59:20.369Z] > refreshing access token with scopes: []
[debug] [2022-05-06T13:59:20.369Z] >>> HTTP REQUEST POST https://www.googleapis.com/oauth2/v3/token  
 <request body omitted>
[debug] [2022-05-06T13:59:20.517Z] <<< HTTP RESPONSE 200 {"cache-control":"no-cache, no-store, max-age=0, must-revalidate","pragma":"no-cache","expires":"Mon, 01 Jan 1990 00:00:00 GMT","date":"Fri, 06 May 2022 13:59:20 GMT","content-type":"application/json; charset=utf-8","vary":"X-Origin, Referer, Origin,Accept-Encoding","server":"scaffolding on HTTPServer2","x-xss-protection":"0","x-frame-options":"SAMEORIGIN","x-content-type-options":"nosniff","alt-svc":"h3=\":443\"; ma=2592000,h3-29=\":443\"; ma=2592000,h3-Q050=\":443\"; ma=2592000,h3-Q046=\":443\"; ma=2592000,h3-Q043=\":443\"; ma=2592000,quic=\":443\"; ma=2592000; v=\"46,43\"","accept-ranges":"none","transfer-encoding":"chunked"}
[debug] [2022-05-06T13:59:20.560Z] >>> [apiv2][query] POST https://cloudresourcemanager.googleapis.com/v1/projects/web-sign-doc:testIamPermissions [none]
[debug] [2022-05-06T13:59:20.560Z] >>> [apiv2][body] POST https://cloudresourcemanager.googleapis.com/v1/projects/web-sign-doc:testIamPermissions {"permissions":["firebase.projects.get"]}
[debug] [2022-05-06T13:59:21.729Z] <<< [apiv2][status] POST https://cloudresourcemanager.googleapis.com/v1/projects/web-sign-doc:testIamPermissions 200
[debug] [2022-05-06T13:59:21.730Z] <<< [apiv2][body] POST https://cloudresourcemanager.googleapis.com/v1/projects/web-sign-doc:testIamPermissions {"permissions":["firebase.projects.get"]}
[info] 
[info] Firestore Security Rules allow you to define how and when to allow
[info] requests. You can keep these rules in your project directory
[info] and publish them with firebase deploy.
[info] 
[debug] [2022-05-06T13:59:23.219Z] >>> [apiv2][query] GET https://firebaserules.googleapis.com/v1/projects/web-sign-doc/releases pageSize=10&pageToken=
[debug] [2022-05-06T13:59:24.604Z] <<< [apiv2][status] GET https://firebaserules.googleapis.com/v1/projects/web-sign-doc/releases 200
[debug] [2022-05-06T13:59:24.605Z] <<< [apiv2][body] GET https://firebaserules.googleapis.com/v1/projects/web-sign-doc/releases {"releases":[{"name":"projects/web-sign-doc/releases/cloud.firestore","rulesetName":"projects/web-sign-doc/rulesets/fea7d3b2-04a9-458f-ba22-f0b8fd7b1d20","createTime":"2022-05-05T04:12:45.926965Z","updateTime":"2022-05-05T04:18:08.145057Z"},{"name":"projects/web-sign-doc/releases/firebase.storage/web-sign-doc.appspot.com","rulesetName":"projects/web-sign-doc/rulesets/3638c396-2c91-4b82-a1a9-190aa3b317b7","createTime":"2022-05-05T04:11:39.257490Z","updateTime":"2022-05-05T06:23:12.506594Z"}]}
[debug] [2022-05-06T13:59:24.605Z] Found ruleset: projects/web-sign-doc/rulesets/fea7d3b2-04a9-458f-ba22-f0b8fd7b1d20
[debug] [2022-05-06T13:59:24.605Z] >>> [apiv2][query] GET https://firebaserules.googleapis.com/v1/projects/web-sign-doc/rulesets/fea7d3b2-04a9-458f-ba22-f0b8fd7b1d20 [none]
[debug] [2022-05-06T13:59:25.929Z] <<< [apiv2][status] GET https://firebaserules.googleapis.com/v1/projects/web-sign-doc/rulesets/fea7d3b2-04a9-458f-ba22-f0b8fd7b1d20 200
[debug] [2022-05-06T13:59:25.930Z] <<< [apiv2][body] GET https://firebaserules.googleapis.com/v1/projects/web-sign-doc/rulesets/fea7d3b2-04a9-458f-ba22-f0b8fd7b1d20 [omitted]
[info] 
[info] Firestore indexes allow you to perform complex queries while
[info] maintaining performance that scales with the size of the result
[info] set. You can keep index definitions in your project directory
[info] and publish them with firebase deploy.
[info] 
[debug] [2022-05-06T13:59:27.741Z] > refreshing access token with scopes: ["email","https://www.googleapis.com/auth/cloud-platform","https://www.googleapis.com/auth/cloudplatformprojects.readonly","https://www.googleapis.com/auth/firebase","openid"]
[debug] [2022-05-06T13:59:27.741Z] >>> HTTP REQUEST POST https://www.googleapis.com/oauth2/v3/token  
 <request body omitted>
[debug] [2022-05-06T13:59:27.742Z] > refreshing access token with scopes: ["email","https://www.googleapis.com/auth/cloud-platform","https://www.googleapis.com/auth/cloudplatformprojects.readonly","https://www.googleapis.com/auth/firebase","openid"]
[debug] [2022-05-06T13:59:27.742Z] >>> HTTP REQUEST POST https://www.googleapis.com/oauth2/v3/token  
 <request body omitted>
[debug] [2022-05-06T13:59:27.915Z] <<< HTTP RESPONSE 200 {"expires":"Mon, 01 Jan 1990 00:00:00 GMT","pragma":"no-cache","date":"Fri, 06 May 2022 13:59:27 GMT","cache-control":"no-cache, no-store, max-age=0, must-revalidate","content-type":"application/json; charset=utf-8","vary":"X-Origin, Referer, Origin,Accept-Encoding","server":"scaffolding on HTTPServer2","x-xss-protection":"0","x-frame-options":"SAMEORIGIN","x-content-type-options":"nosniff","alt-svc":"h3=\":443\"; ma=2592000,h3-29=\":443\"; ma=2592000,h3-Q050=\":443\"; ma=2592000,h3-Q046=\":443\"; ma=2592000,h3-Q043=\":443\"; ma=2592000,quic=\":443\"; ma=2592000; v=\"46,43\"","accept-ranges":"none","transfer-encoding":"chunked"}
[debug] [2022-05-06T13:59:27.961Z] >>> HTTP REQUEST GET https://firestore.googleapis.com/v1/projects/web-sign-doc/databases/(default)/collectionGroups/-/fields?filter=indexConfig.usesAncestorConfig=false  
 
[debug] [2022-05-06T13:59:27.965Z] <<< HTTP RESPONSE 200 {"date":"Fri, 06 May 2022 13:59:27 GMT","expires":"Mon, 01 Jan 1990 00:00:00 GMT","pragma":"no-cache","cache-control":"no-cache, no-store, max-age=0, must-revalidate","content-type":"application/json; charset=utf-8","vary":"X-Origin, Referer, Origin,Accept-Encoding","server":"scaffolding on HTTPServer2","x-xss-protection":"0","x-frame-options":"SAMEORIGIN","x-content-type-options":"nosniff","alt-svc":"h3=\":443\"; ma=2592000,h3-29=\":443\"; ma=2592000,h3-Q050=\":443\"; ma=2592000,h3-Q046=\":443\"; ma=2592000,h3-Q043=\":443\"; ma=2592000,quic=\":443\"; ma=2592000; v=\"46,43\"","accept-ranges":"none","transfer-encoding":"chunked"}
[debug] [2022-05-06T13:59:28.007Z] >>> HTTP REQUEST GET https://firestore.googleapis.com/v1/projects/web-sign-doc/databases/(default)/collectionGroups/-/indexes  
 
[debug] [2022-05-06T13:59:28.349Z] <<< HTTP RESPONSE 200 {"content-type":"application/json; charset=UTF-8","vary":"X-Origin, Referer, Origin,Accept-Encoding","date":"Fri, 06 May 2022 13:59:28 GMT","server":"ESF","cache-control":"private","x-xss-protection":"0","x-frame-options":"SAMEORIGIN","x-content-type-options":"nosniff","alt-svc":"h3=\":443\"; ma=2592000,h3-29=\":443\"; ma=2592000,h3-Q050=\":443\"; ma=2592000,h3-Q046=\":443\"; ma=2592000,h3-Q043=\":443\"; ma=2592000,quic=\":443\"; ma=2592000; v=\"46,43\"","accept-ranges":"none","transfer-encoding":"chunked"}
[debug] [2022-05-06T13:59:28.352Z] <<< HTTP RESPONSE 200 {"content-type":"application/json; charset=UTF-8","vary":"X-Origin, Referer, Origin,Accept-Encoding","date":"Fri, 06 May 2022 13:59:28 GMT","server":"ESF","cache-control":"private","x-xss-protection":"0","x-frame-options":"SAMEORIGIN","x-content-type-options":"nosniff","alt-svc":"h3=\":443\"; ma=2592000,h3-29=\":443\"; ma=2592000,h3-Q050=\":443\"; ma=2592000,h3-Q046=\":443\"; ma=2592000,h3-Q043=\":443\"; ma=2592000,quic=\":443\"; ma=2592000; v=\"46,43\"","accept-ranges":"none","transfer-encoding":"chunked"}
[info] 
=== Hosting:github Setup
[info] 
[info] i  Detected a .git folder at /Users/parichsakda/Downloads/pdftron-sign-app-master 
[info] i  Authorizing with GitHub to upload your service account to a GitHub repository's secrets store. 
[info] 
[info] Visit this URL on this device to log in:
[info] https://github.com/login/oauth/authorize?client_id=89cf50f02ac6aaed3484&state=537651067&redirect_uri=http%3A%2F%2Flocalhost%3A9005&scope=read%3Auser%20repo%20public_repo
[info] 
[info] Waiting for authentication...
[debug] [2022-05-06T13:59:29.745Z] >>> HTTP REQUEST POST https://github.com/login/oauth/access_token  
 {"client_id":"89cf50f02ac6aaed3484","client_secret":"3330d14abc895d9a74d5f17cd7a00711fa2c5bf0","code":"e68ea5899ef981641639","redirect_uri":"http://localhost:9005","state":"537651067"}
[debug] [2022-05-06T13:59:30.241Z] <<< HTTP RESPONSE 200 {"server":"GitHub.com","date":"Fri, 06 May 2022 13:59:30 GMT","content-type":"application/json; charset=utf-8","transfer-encoding":"chunked","vary":"X-PJAX, X-PJAX-Container, Accept-Encoding, Accept, X-Requested-With","permissions-policy":"interest-cohort=()","etag":"W/\"9ec83686f6f38ad1bc48d0176b893946\"","cache-control":"max-age=0, private, must-revalidate","strict-transport-security":"max-age=31536000; includeSubdomains; preload","x-frame-options":"deny","x-content-type-options":"nosniff","x-xss-protection":"0","referrer-policy":"origin-when-cross-origin, strict-origin-when-cross-origin","expect-ct":"max-age=2592000, report-uri=\"https://api.github.com/_private/browser/errors\"","content-security-policy":"default-src 'none'; base-uri 'self'; block-all-mixed-content; child-src github.com/assets-cdn/worker/ gist.github.com/assets-cdn/worker/; connect-src 'self' uploads.github.com objects-origin.githubusercontent.com www.githubstatus.com collector.github.com raw.githubusercontent.com api.github.com github-cloud.s3.amazonaws.com github-production-repository-file-5c1aeb.s3.amazonaws.com github-production-upload-manifest-file-7fdce7.s3.amazonaws.com github-production-user-asset-6210df.s3.amazonaws.com cdn.optimizely.com logx.optimizely.com/v1/events translator.github.com *.actions.githubusercontent.com wss://*.actions.githubusercontent.com online.visualstudio.com/api/v1/locations github-production-repository-image-32fea6.s3.amazonaws.com github-production-release-asset-2e65be.s3.amazonaws.com insights.github.com wss://alive.github.com; font-src github.githubassets.com; form-action 'self' github.com gist.github.com objects-origin.githubusercontent.com; frame-ancestors 'none'; frame-src render.githubusercontent.com viewscreen.githubusercontent.com notebooks.githubusercontent.com; img-src 'self' data: github.githubassets.com identicons.github.com github-cloud.s3.amazonaws.com secured-user-images.githubusercontent.com/ *.githubusercontent.com; manifest-src 'self'; media-src github.com user-images.githubusercontent.com/; script-src github.githubassets.com; style-src 'unsafe-inline' github.githubassets.com; worker-src github.com/assets-cdn/worker/ gist.github.com/assets-cdn/worker/","x-github-request-id":"E3AD:5908:304615:36DD6C:627529C1"}
[debug] [2022-05-06T13:59:30.257Z] >>> [apiv2][query] GET https://api.github.com/user [none]
[debug] [2022-05-06T13:59:30.732Z] <<< [apiv2][status] GET https://api.github.com/user 200
[debug] [2022-05-06T13:59:30.733Z] <<< [apiv2][body] GET https://api.github.com/user {"login":"artsk137","id":99379654,"node_id":"U_kgDOBexpxg","avatar_url":"https://avatars.githubusercontent.com/u/99379654?v=4","gravatar_id":"","url":"https://api.github.com/users/artsk137","html_url":"https://github.com/artsk137","followers_url":"https://api.github.com/users/artsk137/followers","following_url":"https://api.github.com/users/artsk137/following{/other_user}","gists_url":"https://api.github.com/users/artsk137/gists{/gist_id}","starred_url":"https://api.github.com/users/artsk137/starred{/owner}{/repo}","subscriptions_url":"https://api.github.com/users/artsk137/subscriptions","organizations_url":"https://api.github.com/users/artsk137/orgs","repos_url":"https://api.github.com/users/artsk137/repos","events_url":"https://api.github.com/users/artsk137/events{/privacy}","received_events_url":"https://api.github.com/users/artsk137/received_events","type":"User","site_admin":false,"name":null,"company":null,"blog":"","location":null,"email":null,"hireable":null,"bio":null,"twitter_username":null,"public_repos":2,"public_gists":0,"followers":0,"following":0,"created_at":"2022-02-10T03:52:02Z","updated_at":"2022-05-06T13:28:27Z","private_gists":0,"total_private_repos":0,"owned_private_repos":0,"disk_usage":316,"collaborators":0,"two_factor_authentication":false,"plan":{"name":"free","space":976562499,"collaborators":0,"private_repos":10000}}
[info] 
[info] ✔  Success! Logged into GitHub as artsk137 
[info] 
